###############################################################################
#
# IAR C/C++ Compiler V7.12.1.987/W32 for MSP430           12/Jun/2020  10:08:07
# Copyright 1996-2018 IAR Systems AB.
# PC-locked license - IAR Embedded Workbench for Texas Instruments MSP430, 8K KickStart Edition 7.12
#
#    __rt_version  =  3
#    __double_size =  32
#    __reg_r4      =  free
#    __reg_r5      =  free
#    __pic         =  no
#    __core        =  430X
#    __data_model  =  small
#    __code_model  =  large
#    Source file   =  
#        C:\Users\Johnathan\OneDrive - North Carolina State
#        University\auto_tank\RTCS\src\Init_Conditions.c
#    Command line  =  
#        -f C:\Users\JOHNAT~1\AppData\Local\Temp\EWA63.tmp
#        ("C:\Users\Johnathan\OneDrive - North Carolina State
#        University\auto_tank\RTCS\src\Init_Conditions.c" -lC
#        "C:\Users\Johnathan\OneDrive - North Carolina State
#        University\auto_tank\RTCS\Debug\List" -o "C:\Users\Johnathan\OneDrive
#        - North Carolina State University\auto_tank\RTCS\Debug\Obj" --no_cse
#        --no_unroll --no_inline --no_code_motion --no_tbaa --debug
#        -D__MSP430FR2355__ -e --double=32 --dlib_config "D:\Program Files
#        (x86)\IAR Systems\Embedded Workbench 8.0\430\lib\dlib\dl430xlsfn.h" -I
#        ./\ -I "C:\Users\Johnathan\OneDrive - North Carolina State
#        University\auto_tank\RTCS\include\" -I "C:\Users\Johnathan\OneDrive -
#        North Carolina State University\auto_tank\RTCS\src\" --core=430X
#        --data_model=small -On --multiplier=32 --hw_workaround=CPU40
#        --code_model=large)
#    Locale        =  English_USA.1252
#    List file     =  
#        C:\Users\Johnathan\OneDrive - North Carolina State
#        University\auto_tank\RTCS\Debug\List\Init_Conditions.lst
#    Object file   =  
#        C:\Users\Johnathan\OneDrive - North Carolina State
#        University\auto_tank\RTCS\Debug\Obj\Init_Conditions.r43
#
###############################################################################

C:\Users\Johnathan\OneDrive - North Carolina State University\auto_tank\RTCS\src\Init_Conditions.c
      1          //******************************************************************************
      2          // File Name: Init_Conditions.c
      3          // Description: This file contains the Initialization for all port pins
      4          // Author: Johnathan Wilder
      5          // Date: May 2019
      6          // Compiler: Built with IAR Embedded Workbench Version: V4.10A/W32 (7.11.2)
      7          //******************************************************************************
      8          #include "msp430.h"
      9          #include "Functions.h"
     10          #include "Macros.h"
     11          

   \                                 In  segment CODE, align 2
     12          void Init_Conditions(void){
   \                     Init_Conditions:
     13          	///////////////////////// LCD /////////////////////////
     14            int i;
     15            for(i=ZERO;i<ELEVEN;i++){
   \   000000   0F43         MOV.W   #0x0, R15
   \                     ??Init_Conditions_0:
   \   000002   3F900B00     CMP.W   #0xb, R15
   \   000006   0A34         JGE     ??Init_Conditions_1
     16              display_line[ZERO][i] = ZERO;
   \   000008   CF43....     MOV.B   #0x0, display_line(R15)
     17              display_line[ONE][i] = ZERO;
   \   00000C   CF43....     MOV.B   #0x0, display_line + 11(R15)
     18              display_line[TWO][i] = ZERO;
   \   000010   CF43....     MOV.B   #0x0, display_line + 22(R15)
     19              display_line[THREE][i] = ZERO;
   \   000014   CF43....     MOV.B   #0x0, display_line + 33(R15)
     20            }
   \   000018   1F53         ADD.W   #0x1, R15
   \   00001A   F33F         JMP     ??Init_Conditions_0
     21          
     22            display_line[ZERO][TEN] = ZERO;
   \                     ??Init_Conditions_1:
   \   00001C   C243....     MOV.B   #0x0, &display_line + 10
     23            display_line[ONE][TEN] = ZERO;
   \   000020   C243....     MOV.B   #0x0, &display_line + 21
     24            display_line[TWO][TEN] = ZERO;
   \   000024   C243....     MOV.B   #0x0, &display_line + 32
     25            display_line[THREE][TEN] = ZERO;
   \   000028   C243....     MOV.B   #0x0, &display_line + 43
     26          
     27            display[ZERO] = &display_line[ZERO][ZERO];
   \   00002C   B240........ MOV.W   #display_line, &display
     28            display[ONE] = &display_line[ONE][ZERO];
   \   000032   B240........ MOV.W   #display_line + 11, &display + 2
     29            display[TWO] = &display_line[TWO][ZERO];
   \   000038   B240........ MOV.W   #display_line + 22, &display + 4
     30            display[THREE] = &display_line[THREE][ZERO];
   \   00003E   B240........ MOV.W   #display_line + 33, &display + 6
     31            update_display = ZERO;
   \   000044   C243....     MOV.B   #0x0, &update_display
     32            update_display_count = ZERO;
   \   000048   8243....     MOV.W   #0x0, &update_display_count
     33          }
   \   00004C   1001         RETA

   Maximum stack usage in bytes:

   CSTACK Function
   ------ --------
      4   Init_Conditions


   Segment part sizes:

   Bytes  Function/Label
   -----  --------------
      78  Init_Conditions

 
 78 bytes in segment CODE
 
 78 bytes of CODE memory

Errors: none
Warnings: none
